<?xml version="1.0" encoding="UTF-8"?>
<robot generated="20180507 18:35:34.620" generator="Robot 3.0.2 (Python 2.7.14 on win32)">
<suite source="C:\Users\Rohit.N\PycharmProjects\Robot4Salesforce\Tests\Account_Creation\account_creation.robot" id="s1" name="Account Creation">
<kw type="setup" name="Open SFDC Application" library="OneMDApp">
<kw name="Open SFDC Application" library="Login_Page">
<kw name="Open Browser" library="Selenium2Library">
<doc>Opens a new browser instance to given URL.</doc>
<arguments>
<arg>about:blank</arg>
<arg>${BROWSER}</arg>
</arguments>
<msg timestamp="20180507 18:35:35.498" level="INFO">Opening browser 'gc' to base url 'about:blank'</msg>
<status status="PASS" endtime="20180507 18:35:42.448" starttime="20180507 18:35:35.498"></status>
</kw>
<status status="PASS" endtime="20180507 18:35:42.448" starttime="20180507 18:35:35.497"></status>
</kw>
<status status="PASS" endtime="20180507 18:35:42.448" starttime="20180507 18:35:35.497"></status>
</kw>
<test id="s1-t1" name="Login to salesforce and create Lead">
<kw name="Get CSV Data Row" library="DataManager">
<arguments>
<arg>${ACC_CREATION_PATH_CSV}</arg>
</arguments>
<assign>
<var>${testdata_row}</var>
</assign>
<kw name="Read Csv File" library="csvreader">
<arguments>
<arg>${filepath}</arg>
</arguments>
<assign>
<var>${testdata}</var>
</assign>
<msg timestamp="20180507 18:35:42.458" level="INFO">${testdata} = [{'SLA Serial Number': nan, 'Billing City Edit': nan, 'Ticker Symbol': nan, 'Billing Country': nan, 'Account Owner': nan, 'Parent Account': nan, 'Type Edit': nan, 'Billing Address Edit': nan, 'Billing...</msg>
<status status="PASS" endtime="20180507 18:35:42.458" starttime="20180507 18:35:42.450"></status>
</kw>
<kw type="for" name="${data} IN [ @{testdata} ]">
<kw type="foritem" name="${data} = {'SLA Serial Number': nan, 'Billing City Edit': nan, 'Ticker Symbol': nan, 'Billing Country': nan, 'Account Owner': nan, 'Parent Account': nan, 'Type Edit': nan, 'Billing Address Edit': nan, 'Billing ...">
<kw name="Set Global Variable" library="BuiltIn">
<doc>Makes a variable available globally in all tests and suites.</doc>
<arguments>
<arg>${testdatarow}</arg>
</arguments>
<msg timestamp="20180507 18:35:42.459" level="INFO">${testdatarow} = None</msg>
<status status="PASS" endtime="20180507 18:35:42.459" starttime="20180507 18:35:42.459"></status>
</kw>
<kw name="Set Variable" library="BuiltIn">
<doc>Returns the given values which can then be assigned to a variables.</doc>
<arguments>
<arg>${data}</arg>
</arguments>
<assign>
<var>${testdatarow}</var>
</assign>
<msg timestamp="20180507 18:35:42.460" level="INFO">${testdatarow} = {'SLA Serial Number': nan, 'Billing City Edit': nan, 'Ticker Symbol': nan, 'Billing Country': nan, 'Account Owner': nan, 'Parent Account': nan, 'Type Edit': nan, 'Billing Address Edit': nan, 'Billing ...</msg>
<status status="PASS" endtime="20180507 18:35:42.460" starttime="20180507 18:35:42.460"></status>
</kw>
<status status="PASS" endtime="20180507 18:35:42.460" starttime="20180507 18:35:42.459"></status>
</kw>
<status status="PASS" endtime="20180507 18:35:42.460" starttime="20180507 18:35:42.459"></status>
</kw>
<msg timestamp="20180507 18:35:42.460" level="INFO">${testdata_row} = {'SLA Serial Number': nan, 'Billing City Edit': nan, 'Ticker Symbol': nan, 'Billing Country': nan, 'Account Owner': nan, 'Parent Account': nan, 'Type Edit': nan, 'Billing Address Edit': nan, 'Billing ...</msg>
<status status="PASS" endtime="20180507 18:35:42.460" starttime="20180507 18:35:42.449"></status>
</kw>
<kw name="Login to Medvantage App" library="OneMDApp">
<arguments>
<arg>${testdata_row}</arg>
</arguments>
<kw name="Login into Salesforce" library="OneMDApp">
<arguments>
<arg>${testdata_row}</arg>
</arguments>
<kw name="Go to login url" library="OneMDApp">
<kw name="Load Page" library="Login_Page">
<kw name="Go To" library="Selenium2Library">
<doc>Navigates the active browser instance to the provided URL.</doc>
<arguments>
<arg>${LOGIN_URL.${ENVIRONMENT}}</arg>
</arguments>
<msg timestamp="20180507 18:35:42.463" level="INFO">Opening url 'https://login.salesforce.com/'</msg>
<status status="PASS" endtime="20180507 18:35:43.894" starttime="20180507 18:35:42.462"></status>
</kw>
<status status="PASS" endtime="20180507 18:35:43.895" starttime="20180507 18:35:42.462"></status>
</kw>
<status status="PASS" endtime="20180507 18:35:43.895" starttime="20180507 18:35:42.462"></status>
</kw>
<kw name="Enter Credentials" library="OneMDApp">
<arguments>
<arg>${testdata_row}</arg>
</arguments>
<kw name="Enter Username" library="Login_Page">
<arguments>
<arg>${testdata_row}</arg>
</arguments>
<kw name="Log To Console" library="BuiltIn">
<doc>Logs the given message to the console.</doc>
<arguments>
<arg>${testdata_row['Username']}</arg>
</arguments>
<status status="PASS" endtime="20180507 18:35:43.897" starttime="20180507 18:35:43.896"></status>
</kw>
<kw name="Input Text" library="Selenium2Library">
<doc>Types the given `text` into text field identified by `locator`.</doc>
<arguments>
<arg>${username_loc}</arg>
<arg>${testdata_row['Username']}</arg>
</arguments>
<msg timestamp="20180507 18:35:43.897" level="INFO">Typing text 'rohithsun@cts.com' into text field 'id=username'</msg>
<status status="PASS" endtime="20180507 18:35:44.547" starttime="20180507 18:35:43.897"></status>
</kw>
<status status="PASS" endtime="20180507 18:35:44.547" starttime="20180507 18:35:43.896"></status>
</kw>
<kw name="Enter Password" library="Login_Page">
<arguments>
<arg>${testdata_row}</arg>
</arguments>
<kw name="Log To Console" library="BuiltIn">
<doc>Logs the given message to the console.</doc>
<arguments>
<arg>${testdata_row['Password']}</arg>
</arguments>
<status status="PASS" endtime="20180507 18:35:44.549" starttime="20180507 18:35:44.548"></status>
</kw>
<kw name="Input Password" library="Selenium2Library">
<doc>Types the given password into text field identified by `locator`.</doc>
<arguments>
<arg>${password_loc}</arg>
<arg>${testdata_row['Password']}</arg>
</arguments>
<msg timestamp="20180507 18:35:44.549" level="INFO">Typing password into text field 'id=password'</msg>
<status status="PASS" endtime="20180507 18:35:44.853" starttime="20180507 18:35:44.549"></status>
</kw>
<status status="PASS" endtime="20180507 18:35:44.853" starttime="20180507 18:35:44.547"></status>
</kw>
<status status="PASS" endtime="20180507 18:35:44.853" starttime="20180507 18:35:43.895"></status>
</kw>
<kw name="Click 'Log in to Sandbox' Button" library="OneMDApp">
<kw name="Click Login Button" library="Login_Page">
<kw name="Click Button" library="Selenium2Library">
<doc>Clicks a button identified by `locator`.</doc>
<arguments>
<arg>${loginbtn_loc}</arg>
</arguments>
<msg timestamp="20180507 18:35:44.854" level="INFO">Clicking button 'id=Login'.</msg>
<status status="PASS" endtime="20180507 18:35:46.973" starttime="20180507 18:35:44.854"></status>
</kw>
<status status="PASS" endtime="20180507 18:35:46.973" starttime="20180507 18:35:44.853"></status>
</kw>
<status status="PASS" endtime="20180507 18:35:46.973" starttime="20180507 18:35:44.853"></status>
</kw>
<status status="PASS" endtime="20180507 18:35:46.974" starttime="20180507 18:35:42.461"></status>
</kw>
<kw name="Verify Home Page" library="OneMDApp">
<kw name="Verify SFDC Home Page" library="Login_Page">
<kw name="Wait Until Page Contains Element" library="Selenium2Library">
<doc>Waits until element specified with `locator` appears on current page.</doc>
<arguments>
<arg>${home_loc}</arg>
<arg>50s</arg>
</arguments>
<kw name="Capture Page Screenshot" library="Selenium2Library">
<doc>Takes a screenshot of the current page and embeds it into the log.</doc>
<msg timestamp="20180507 18:36:24.616" level="FAIL">WebDriverException: Message: chrome not reachable
  (Session info: chrome=66.0.3359.139)
  (Driver info: chromedriver=2.38.552522 (437e6fbedfa8762dec75e2c5b3ddb86763dc9dcb),platform=Windows NT 6.3.9600 x86_64)
</msg>
<status status="FAIL" endtime="20180507 18:36:24.616" starttime="20180507 18:36:20.601"></status>
</kw>
<msg timestamp="20180507 18:36:24.616" level="WARN">Keyword 'Capture Page Screenshot' could not be run on failure: WebDriverException: Message: chrome not reachable
  (Session info: chrome=66.0.3359.139)
  (Driver info: chromedriver=2.38.552522 (437e6fbedfa8762dec75e2c5b3ddb86763dc9dcb),platform=Windows NT 6.3.9600 x86_64)
</msg>
<msg timestamp="20180507 18:36:24.620" level="FAIL">WebDriverException: Message: chrome not reachable
  (Session info: chrome=66.0.3359.139)
  (Driver info: chromedriver=2.38.552522 (437e6fbedfa8762dec75e2c5b3ddb86763dc9dcb),platform=Windows NT 6.3.9600 x86_64)
</msg>
<status status="FAIL" endtime="20180507 18:36:24.620" starttime="20180507 18:35:46.974"></status>
</kw>
<status status="FAIL" endtime="20180507 18:36:24.621" starttime="20180507 18:35:46.974"></status>
</kw>
<status status="FAIL" endtime="20180507 18:36:24.621" starttime="20180507 18:35:46.974"></status>
</kw>
<status status="FAIL" endtime="20180507 18:36:24.621" starttime="20180507 18:35:42.461"></status>
</kw>
<tags>
<tag>Lead Module</tag>
</tags>
<status status="FAIL" endtime="20180507 18:36:24.621" critical="yes" starttime="20180507 18:35:42.448">WebDriverException: Message: chrome not reachable
  (Session info: chrome=66.0.3359.139)
  (Driver info: chromedriver=2.38.552522 (437e6fbedfa8762dec75e2c5b3ddb86763dc9dcb),platform=Windows NT 6.3.9600 x86_64)
</status>
</test>
<doc>Lead Creation</doc>
<status status="FAIL" endtime="20180507 18:36:24.623" starttime="20180507 18:35:34.623"></status>
</suite>
<statistics>
<total>
<stat fail="1" pass="0">Critical Tests</stat>
<stat fail="1" pass="0">All Tests</stat>
</total>
<tag>
<stat fail="1" pass="0">Lead Module</stat>
</tag>
<suite>
<stat fail="1" id="s1" name="Account Creation" pass="0">Account Creation</stat>
</suite>
</statistics>
<errors>
<msg timestamp="20180507 18:36:24.616" level="WARN">Keyword 'Capture Page Screenshot' could not be run on failure: WebDriverException: Message: chrome not reachable
  (Session info: chrome=66.0.3359.139)
  (Driver info: chromedriver=2.38.552522 (437e6fbedfa8762dec75e2c5b3ddb86763dc9dcb),platform=Windows NT 6.3.9600 x86_64)
</msg>
</errors>
</robot>
